[2023-07-27 12:39:42,953]  INFO {com.atomikos.persistence.imp.FileLogStream} - Logfile closed: /home/osanda/Downloads/wso2mi-4.2.0/./tmlog-1.log
[2023-07-27 12:39:42,958]  INFO {com.atomikos.icatch.config.imp.AbstractUserTransactionService} - USING core version: 3.8.0
[2023-07-27 12:39:42,958]  INFO {com.atomikos.icatch.config.imp.AbstractUserTransactionService} - USING com.atomikos.icatch.console_file_name = tm.out
[2023-07-27 12:39:42,958]  INFO {com.atomikos.icatch.config.imp.AbstractUserTransactionService} - USING com.atomikos.icatch.console_file_count = 1
[2023-07-27 12:39:42,958]  INFO {com.atomikos.icatch.config.imp.AbstractUserTransactionService} - USING com.atomikos.icatch.automatic_resource_registration = true
[2023-07-27 12:39:42,958]  INFO {com.atomikos.icatch.config.imp.AbstractUserTransactionService} - USING com.atomikos.icatch.client_demarcation = false
[2023-07-27 12:39:42,959]  INFO {com.atomikos.icatch.config.imp.AbstractUserTransactionService} - USING com.atomikos.icatch.threaded_2pc = false
[2023-07-27 12:39:42,959]  INFO {com.atomikos.icatch.config.imp.AbstractUserTransactionService} - USING com.atomikos.icatch.serial_jta_transactions = true
[2023-07-27 12:39:42,959]  INFO {com.atomikos.icatch.config.imp.AbstractUserTransactionService} - USING com.atomikos.icatch.log_base_dir = ./
[2023-07-27 12:39:42,959]  INFO {com.atomikos.icatch.config.imp.AbstractUserTransactionService} - USING com.atomikos.icatch.max_actives = 50
[2023-07-27 12:39:42,959]  INFO {com.atomikos.icatch.config.imp.AbstractUserTransactionService} - USING com.atomikos.icatch.console_log_level = WARN
[2023-07-27 12:39:42,959]  INFO {com.atomikos.icatch.config.imp.AbstractUserTransactionService} - USING com.atomikos.icatch.checkpoint_interval = 500
[2023-07-27 12:39:42,959]  INFO {com.atomikos.icatch.config.imp.AbstractUserTransactionService} - USING com.atomikos.icatch.enable_logging = true
[2023-07-27 12:39:42,959]  INFO {com.atomikos.icatch.config.imp.AbstractUserTransactionService} - USING com.atomikos.icatch.output_dir = ./
[2023-07-27 12:39:42,959]  INFO {com.atomikos.icatch.config.imp.AbstractUserTransactionService} - USING com.atomikos.icatch.log_base_name = tmlog
[2023-07-27 12:39:42,959]  INFO {com.atomikos.icatch.config.imp.AbstractUserTransactionService} - USING com.atomikos.icatch.console_file_limit = -1
[2023-07-27 12:39:42,959]  INFO {com.atomikos.icatch.config.imp.AbstractUserTransactionService} - USING com.atomikos.icatch.max_timeout = 300000
[2023-07-27 12:39:42,959]  INFO {com.atomikos.icatch.config.imp.AbstractUserTransactionService} - USING com.atomikos.icatch.tm_unique_name = 127.0.1.1.tm
[2023-07-27 12:39:42,959]  INFO {com.atomikos.icatch.config.imp.AbstractUserTransactionService} - USING java.naming.factory.initial = com.sun.jndi.rmi.registry.RegistryContextFactory
[2023-07-27 12:39:42,960]  INFO {com.atomikos.icatch.config.imp.AbstractUserTransactionService} - USING java.naming.provider.url = rmi://localhost:1099
[2023-07-27 12:39:42,960]  INFO {com.atomikos.icatch.config.imp.AbstractUserTransactionService} - USING com.atomikos.icatch.service = com.atomikos.icatch.standalone.UserTransactionServiceFactory
[2023-07-27 12:39:42,960]  INFO {com.atomikos.icatch.config.imp.AbstractUserTransactionService} - USING com.atomikos.icatch.force_shutdown_on_vm_exit = false
[2023-07-27 12:39:42,960]  INFO {com.atomikos.icatch.config.imp.AbstractUserTransactionService} - USING com.atomikos.icatch.default_jta_timeout = 10000
[2023-07-27 12:50:21,580]  INFO {com.atomikos.persistence.imp.FileLogStream} - Logfile closed: /home/osanda/Downloads/wso2mi-4.2.0/./tmlog0.log
[2023-07-27 12:50:21,582]  INFO {com.atomikos.icatch.imp.thread.TaskManager} - THREADS: using JDK thread pooling...
[2023-07-27 12:50:38,813]  INFO {com.atomikos.persistence.imp.FileLogStream} - Starting read of logfile /home/osanda/Downloads/wso2mi-4.2.0/./tmlog0.log
[2023-07-27 12:50:38,813]  INFO {com.atomikos.persistence.imp.FileLogStream} - Done read of logfile
[2023-07-27 12:50:38,813]  INFO {com.atomikos.persistence.imp.FileLogStream} - Logfile closed: /home/osanda/Downloads/wso2mi-4.2.0/./tmlog0.log
[2023-07-27 12:50:38,818]  INFO {com.atomikos.icatch.config.imp.AbstractUserTransactionService} - USING core version: 3.8.0
[2023-07-27 12:50:38,818]  INFO {com.atomikos.icatch.config.imp.AbstractUserTransactionService} - USING com.atomikos.icatch.console_file_name = tm.out
[2023-07-27 12:50:38,818]  INFO {com.atomikos.icatch.config.imp.AbstractUserTransactionService} - USING com.atomikos.icatch.console_file_count = 1
[2023-07-27 12:50:38,818]  INFO {com.atomikos.icatch.config.imp.AbstractUserTransactionService} - USING com.atomikos.icatch.automatic_resource_registration = true
[2023-07-27 12:50:38,818]  INFO {com.atomikos.icatch.config.imp.AbstractUserTransactionService} - USING com.atomikos.icatch.client_demarcation = false
[2023-07-27 12:50:38,818]  INFO {com.atomikos.icatch.config.imp.AbstractUserTransactionService} - USING com.atomikos.icatch.threaded_2pc = false
[2023-07-27 12:50:38,819]  INFO {com.atomikos.icatch.config.imp.AbstractUserTransactionService} - USING com.atomikos.icatch.serial_jta_transactions = true
[2023-07-27 12:50:38,819]  INFO {com.atomikos.icatch.config.imp.AbstractUserTransactionService} - USING com.atomikos.icatch.log_base_dir = ./
[2023-07-27 12:50:38,819]  INFO {com.atomikos.icatch.config.imp.AbstractUserTransactionService} - USING com.atomikos.icatch.max_actives = 50
[2023-07-27 12:50:38,819]  INFO {com.atomikos.icatch.config.imp.AbstractUserTransactionService} - USING com.atomikos.icatch.console_log_level = WARN
[2023-07-27 12:50:38,819]  INFO {com.atomikos.icatch.config.imp.AbstractUserTransactionService} - USING com.atomikos.icatch.checkpoint_interval = 500
[2023-07-27 12:50:38,819]  INFO {com.atomikos.icatch.config.imp.AbstractUserTransactionService} - USING com.atomikos.icatch.enable_logging = true
[2023-07-27 12:50:38,819]  INFO {com.atomikos.icatch.config.imp.AbstractUserTransactionService} - USING com.atomikos.icatch.output_dir = ./
[2023-07-27 12:50:38,819]  INFO {com.atomikos.icatch.config.imp.AbstractUserTransactionService} - USING com.atomikos.icatch.log_base_name = tmlog
[2023-07-27 12:50:38,819]  INFO {com.atomikos.icatch.config.imp.AbstractUserTransactionService} - USING com.atomikos.icatch.console_file_limit = -1
[2023-07-27 12:50:38,819]  INFO {com.atomikos.icatch.config.imp.AbstractUserTransactionService} - USING com.atomikos.icatch.max_timeout = 300000
[2023-07-27 12:50:38,819]  INFO {com.atomikos.icatch.config.imp.AbstractUserTransactionService} - USING com.atomikos.icatch.tm_unique_name = 127.0.1.1.tm
[2023-07-27 12:50:38,819]  INFO {com.atomikos.icatch.config.imp.AbstractUserTransactionService} - USING java.naming.factory.initial = com.sun.jndi.rmi.registry.RegistryContextFactory
[2023-07-27 12:50:38,820]  INFO {com.atomikos.icatch.config.imp.AbstractUserTransactionService} - USING java.naming.provider.url = rmi://localhost:1099
[2023-07-27 12:50:38,820]  INFO {com.atomikos.icatch.config.imp.AbstractUserTransactionService} - USING com.atomikos.icatch.service = com.atomikos.icatch.standalone.UserTransactionServiceFactory
[2023-07-27 12:50:38,820]  INFO {com.atomikos.icatch.config.imp.AbstractUserTransactionService} - USING com.atomikos.icatch.force_shutdown_on_vm_exit = false
[2023-07-27 12:50:38,820]  INFO {com.atomikos.icatch.config.imp.AbstractUserTransactionService} - USING com.atomikos.icatch.default_jta_timeout = 10000
[2023-07-27 14:00:53,749]  INFO {com.atomikos.persistence.imp.FileLogStream} - Logfile closed: /home/osanda/Downloads/wso2mi-4.2.0/./tmlog1.log
[2023-07-27 14:00:53,750]  INFO {com.atomikos.icatch.imp.thread.TaskManager} - THREADS: using JDK thread pooling...
[2023-07-27 14:01:05,138]  INFO {com.atomikos.persistence.imp.FileLogStream} - Starting read of logfile /home/osanda/Downloads/wso2mi-4.2.0/./tmlog1.log
[2023-07-27 14:01:05,139]  INFO {com.atomikos.persistence.imp.FileLogStream} - Done read of logfile
[2023-07-27 14:01:05,139]  INFO {com.atomikos.persistence.imp.FileLogStream} - Logfile closed: /home/osanda/Downloads/wso2mi-4.2.0/./tmlog1.log
[2023-07-27 14:01:05,142]  INFO {com.atomikos.icatch.config.imp.AbstractUserTransactionService} - USING core version: 3.8.0
[2023-07-27 14:01:05,143]  INFO {com.atomikos.icatch.config.imp.AbstractUserTransactionService} - USING com.atomikos.icatch.console_file_name = tm.out
[2023-07-27 14:01:05,143]  INFO {com.atomikos.icatch.config.imp.AbstractUserTransactionService} - USING com.atomikos.icatch.console_file_count = 1
[2023-07-27 14:01:05,143]  INFO {com.atomikos.icatch.config.imp.AbstractUserTransactionService} - USING com.atomikos.icatch.automatic_resource_registration = true
[2023-07-27 14:01:05,143]  INFO {com.atomikos.icatch.config.imp.AbstractUserTransactionService} - USING com.atomikos.icatch.client_demarcation = false
[2023-07-27 14:01:05,143]  INFO {com.atomikos.icatch.config.imp.AbstractUserTransactionService} - USING com.atomikos.icatch.threaded_2pc = false
[2023-07-27 14:01:05,143]  INFO {com.atomikos.icatch.config.imp.AbstractUserTransactionService} - USING com.atomikos.icatch.serial_jta_transactions = true
[2023-07-27 14:01:05,143]  INFO {com.atomikos.icatch.config.imp.AbstractUserTransactionService} - USING com.atomikos.icatch.log_base_dir = ./
[2023-07-27 14:01:05,143]  INFO {com.atomikos.icatch.config.imp.AbstractUserTransactionService} - USING com.atomikos.icatch.max_actives = 50
[2023-07-27 14:01:05,143]  INFO {com.atomikos.icatch.config.imp.AbstractUserTransactionService} - USING com.atomikos.icatch.console_log_level = WARN
[2023-07-27 14:01:05,143]  INFO {com.atomikos.icatch.config.imp.AbstractUserTransactionService} - USING com.atomikos.icatch.checkpoint_interval = 500
[2023-07-27 14:01:05,143]  INFO {com.atomikos.icatch.config.imp.AbstractUserTransactionService} - USING com.atomikos.icatch.enable_logging = true
[2023-07-27 14:01:05,143]  INFO {com.atomikos.icatch.config.imp.AbstractUserTransactionService} - USING com.atomikos.icatch.output_dir = ./
[2023-07-27 14:01:05,143]  INFO {com.atomikos.icatch.config.imp.AbstractUserTransactionService} - USING com.atomikos.icatch.log_base_name = tmlog
[2023-07-27 14:01:05,143]  INFO {com.atomikos.icatch.config.imp.AbstractUserTransactionService} - USING com.atomikos.icatch.console_file_limit = -1
[2023-07-27 14:01:05,143]  INFO {com.atomikos.icatch.config.imp.AbstractUserTransactionService} - USING com.atomikos.icatch.max_timeout = 300000
[2023-07-27 14:01:05,143]  INFO {com.atomikos.icatch.config.imp.AbstractUserTransactionService} - USING com.atomikos.icatch.tm_unique_name = 127.0.1.1.tm
[2023-07-27 14:01:05,144]  INFO {com.atomikos.icatch.config.imp.AbstractUserTransactionService} - USING java.naming.factory.initial = com.sun.jndi.rmi.registry.RegistryContextFactory
[2023-07-27 14:01:05,144]  INFO {com.atomikos.icatch.config.imp.AbstractUserTransactionService} - USING java.naming.provider.url = rmi://localhost:1099
[2023-07-27 14:01:05,144]  INFO {com.atomikos.icatch.config.imp.AbstractUserTransactionService} - USING com.atomikos.icatch.service = com.atomikos.icatch.standalone.UserTransactionServiceFactory
[2023-07-27 14:01:05,144]  INFO {com.atomikos.icatch.config.imp.AbstractUserTransactionService} - USING com.atomikos.icatch.force_shutdown_on_vm_exit = false
[2023-07-27 14:01:05,144]  INFO {com.atomikos.icatch.config.imp.AbstractUserTransactionService} - USING com.atomikos.icatch.default_jta_timeout = 10000
[2023-07-27 14:35:24,729]  INFO {com.atomikos.persistence.imp.FileLogStream} - Logfile closed: /home/osanda/Downloads/wso2mi-4.2.0/./tmlog2.log
[2023-07-27 14:35:24,730]  INFO {com.atomikos.icatch.imp.thread.TaskManager} - THREADS: using JDK thread pooling...
[2023-07-27 14:35:37,176]  INFO {com.atomikos.persistence.imp.FileLogStream} - Starting read of logfile /home/osanda/Downloads/wso2mi-4.2.0/./tmlog2.log
[2023-07-27 14:35:37,177]  INFO {com.atomikos.persistence.imp.FileLogStream} - Done read of logfile
[2023-07-27 14:35:37,177]  INFO {com.atomikos.persistence.imp.FileLogStream} - Logfile closed: /home/osanda/Downloads/wso2mi-4.2.0/./tmlog2.log
[2023-07-27 14:35:37,181]  INFO {com.atomikos.icatch.config.imp.AbstractUserTransactionService} - USING core version: 3.8.0
[2023-07-27 14:35:37,181]  INFO {com.atomikos.icatch.config.imp.AbstractUserTransactionService} - USING com.atomikos.icatch.console_file_name = tm.out
[2023-07-27 14:35:37,181]  INFO {com.atomikos.icatch.config.imp.AbstractUserTransactionService} - USING com.atomikos.icatch.console_file_count = 1
[2023-07-27 14:35:37,181]  INFO {com.atomikos.icatch.config.imp.AbstractUserTransactionService} - USING com.atomikos.icatch.automatic_resource_registration = true
[2023-07-27 14:35:37,181]  INFO {com.atomikos.icatch.config.imp.AbstractUserTransactionService} - USING com.atomikos.icatch.client_demarcation = false
[2023-07-27 14:35:37,181]  INFO {com.atomikos.icatch.config.imp.AbstractUserTransactionService} - USING com.atomikos.icatch.threaded_2pc = false
[2023-07-27 14:35:37,181]  INFO {com.atomikos.icatch.config.imp.AbstractUserTransactionService} - USING com.atomikos.icatch.serial_jta_transactions = true
[2023-07-27 14:35:37,181]  INFO {com.atomikos.icatch.config.imp.AbstractUserTransactionService} - USING com.atomikos.icatch.log_base_dir = ./
[2023-07-27 14:35:37,181]  INFO {com.atomikos.icatch.config.imp.AbstractUserTransactionService} - USING com.atomikos.icatch.max_actives = 50
[2023-07-27 14:35:37,182]  INFO {com.atomikos.icatch.config.imp.AbstractUserTransactionService} - USING com.atomikos.icatch.console_log_level = WARN
[2023-07-27 14:35:37,182]  INFO {com.atomikos.icatch.config.imp.AbstractUserTransactionService} - USING com.atomikos.icatch.checkpoint_interval = 500
[2023-07-27 14:35:37,182]  INFO {com.atomikos.icatch.config.imp.AbstractUserTransactionService} - USING com.atomikos.icatch.enable_logging = true
[2023-07-27 14:35:37,182]  INFO {com.atomikos.icatch.config.imp.AbstractUserTransactionService} - USING com.atomikos.icatch.output_dir = ./
[2023-07-27 14:35:37,182]  INFO {com.atomikos.icatch.config.imp.AbstractUserTransactionService} - USING com.atomikos.icatch.log_base_name = tmlog
[2023-07-27 14:35:37,182]  INFO {com.atomikos.icatch.config.imp.AbstractUserTransactionService} - USING com.atomikos.icatch.console_file_limit = -1
[2023-07-27 14:35:37,182]  INFO {com.atomikos.icatch.config.imp.AbstractUserTransactionService} - USING com.atomikos.icatch.max_timeout = 300000
[2023-07-27 14:35:37,182]  INFO {com.atomikos.icatch.config.imp.AbstractUserTransactionService} - USING com.atomikos.icatch.tm_unique_name = 127.0.1.1.tm
[2023-07-27 14:35:37,182]  INFO {com.atomikos.icatch.config.imp.AbstractUserTransactionService} - USING java.naming.factory.initial = com.sun.jndi.rmi.registry.RegistryContextFactory
[2023-07-27 14:35:37,182]  INFO {com.atomikos.icatch.config.imp.AbstractUserTransactionService} - USING java.naming.provider.url = rmi://localhost:1099
[2023-07-27 14:35:37,182]  INFO {com.atomikos.icatch.config.imp.AbstractUserTransactionService} - USING com.atomikos.icatch.service = com.atomikos.icatch.standalone.UserTransactionServiceFactory
[2023-07-27 14:35:37,182]  INFO {com.atomikos.icatch.config.imp.AbstractUserTransactionService} - USING com.atomikos.icatch.force_shutdown_on_vm_exit = false
[2023-07-27 14:35:37,182]  INFO {com.atomikos.icatch.config.imp.AbstractUserTransactionService} - USING com.atomikos.icatch.default_jta_timeout = 10000
[2023-07-27 20:40:50,416]  INFO {com.atomikos.persistence.imp.FileLogStream} - Logfile closed: /home/osanda/Downloads/wso2mi-4.2.0/./tmlog3.log
[2023-07-27 20:40:50,417]  INFO {com.atomikos.icatch.imp.thread.TaskManager} - THREADS: using JDK thread pooling...
[2023-07-27 20:40:57,814]  INFO {com.atomikos.persistence.imp.FileLogStream} - Starting read of logfile /home/osanda/Downloads/wso2mi-4.2.0/./tmlog3.log
[2023-07-27 20:40:57,815]  INFO {com.atomikos.persistence.imp.FileLogStream} - Done read of logfile
[2023-07-27 20:40:57,815]  INFO {com.atomikos.persistence.imp.FileLogStream} - Logfile closed: /home/osanda/Downloads/wso2mi-4.2.0/./tmlog3.log
[2023-07-27 20:40:57,818]  INFO {com.atomikos.icatch.config.imp.AbstractUserTransactionService} - USING core version: 3.8.0
[2023-07-27 20:40:57,818]  INFO {com.atomikos.icatch.config.imp.AbstractUserTransactionService} - USING com.atomikos.icatch.console_file_name = tm.out
[2023-07-27 20:40:57,818]  INFO {com.atomikos.icatch.config.imp.AbstractUserTransactionService} - USING com.atomikos.icatch.console_file_count = 1
[2023-07-27 20:40:57,819]  INFO {com.atomikos.icatch.config.imp.AbstractUserTransactionService} - USING com.atomikos.icatch.automatic_resource_registration = true
[2023-07-27 20:40:57,819]  INFO {com.atomikos.icatch.config.imp.AbstractUserTransactionService} - USING com.atomikos.icatch.client_demarcation = false
[2023-07-27 20:40:57,819]  INFO {com.atomikos.icatch.config.imp.AbstractUserTransactionService} - USING com.atomikos.icatch.threaded_2pc = false
[2023-07-27 20:40:57,819]  INFO {com.atomikos.icatch.config.imp.AbstractUserTransactionService} - USING com.atomikos.icatch.serial_jta_transactions = true
[2023-07-27 20:40:57,819]  INFO {com.atomikos.icatch.config.imp.AbstractUserTransactionService} - USING com.atomikos.icatch.log_base_dir = ./
[2023-07-27 20:40:57,819]  INFO {com.atomikos.icatch.config.imp.AbstractUserTransactionService} - USING com.atomikos.icatch.max_actives = 50
[2023-07-27 20:40:57,819]  INFO {com.atomikos.icatch.config.imp.AbstractUserTransactionService} - USING com.atomikos.icatch.console_log_level = WARN
[2023-07-27 20:40:57,819]  INFO {com.atomikos.icatch.config.imp.AbstractUserTransactionService} - USING com.atomikos.icatch.checkpoint_interval = 500
[2023-07-27 20:40:57,819]  INFO {com.atomikos.icatch.config.imp.AbstractUserTransactionService} - USING com.atomikos.icatch.enable_logging = true
[2023-07-27 20:40:57,819]  INFO {com.atomikos.icatch.config.imp.AbstractUserTransactionService} - USING com.atomikos.icatch.output_dir = ./
[2023-07-27 20:40:57,819]  INFO {com.atomikos.icatch.config.imp.AbstractUserTransactionService} - USING com.atomikos.icatch.log_base_name = tmlog
[2023-07-27 20:40:57,819]  INFO {com.atomikos.icatch.config.imp.AbstractUserTransactionService} - USING com.atomikos.icatch.console_file_limit = -1
[2023-07-27 20:40:57,819]  INFO {com.atomikos.icatch.config.imp.AbstractUserTransactionService} - USING com.atomikos.icatch.max_timeout = 300000
[2023-07-27 20:40:57,819]  INFO {com.atomikos.icatch.config.imp.AbstractUserTransactionService} - USING com.atomikos.icatch.tm_unique_name = 127.0.1.1.tm
[2023-07-27 20:40:57,820]  INFO {com.atomikos.icatch.config.imp.AbstractUserTransactionService} - USING java.naming.factory.initial = com.sun.jndi.rmi.registry.RegistryContextFactory
[2023-07-27 20:40:57,820]  INFO {com.atomikos.icatch.config.imp.AbstractUserTransactionService} - USING java.naming.provider.url = rmi://localhost:1099
[2023-07-27 20:40:57,820]  INFO {com.atomikos.icatch.config.imp.AbstractUserTransactionService} - USING com.atomikos.icatch.service = com.atomikos.icatch.standalone.UserTransactionServiceFactory
[2023-07-27 20:40:57,820]  INFO {com.atomikos.icatch.config.imp.AbstractUserTransactionService} - USING com.atomikos.icatch.force_shutdown_on_vm_exit = false
[2023-07-27 20:40:57,820]  INFO {com.atomikos.icatch.config.imp.AbstractUserTransactionService} - USING com.atomikos.icatch.default_jta_timeout = 10000
[2023-07-27 20:44:11,727]  INFO {com.atomikos.persistence.imp.FileLogStream} - Logfile closed: /home/osanda/Downloads/wso2mi-4.2.0/./tmlog4.log
[2023-07-27 20:44:11,728]  INFO {com.atomikos.icatch.imp.thread.TaskManager} - THREADS: using JDK thread pooling...
[2023-07-27 20:45:39,395]  INFO {com.atomikos.persistence.imp.FileLogStream} - Starting read of logfile /home/osanda/Downloads/wso2mi-4.2.0/./tmlog4.log
[2023-07-27 20:45:39,396]  INFO {com.atomikos.persistence.imp.FileLogStream} - Done read of logfile
[2023-07-27 20:45:39,396]  INFO {com.atomikos.persistence.imp.FileLogStream} - Logfile closed: /home/osanda/Downloads/wso2mi-4.2.0/./tmlog4.log
[2023-07-27 20:45:39,400]  INFO {com.atomikos.icatch.config.imp.AbstractUserTransactionService} - USING core version: 3.8.0
[2023-07-27 20:45:39,400]  INFO {com.atomikos.icatch.config.imp.AbstractUserTransactionService} - USING com.atomikos.icatch.console_file_name = tm.out
[2023-07-27 20:45:39,400]  INFO {com.atomikos.icatch.config.imp.AbstractUserTransactionService} - USING com.atomikos.icatch.console_file_count = 1
[2023-07-27 20:45:39,400]  INFO {com.atomikos.icatch.config.imp.AbstractUserTransactionService} - USING com.atomikos.icatch.automatic_resource_registration = true
[2023-07-27 20:45:39,400]  INFO {com.atomikos.icatch.config.imp.AbstractUserTransactionService} - USING com.atomikos.icatch.client_demarcation = false
[2023-07-27 20:45:39,400]  INFO {com.atomikos.icatch.config.imp.AbstractUserTransactionService} - USING com.atomikos.icatch.threaded_2pc = false
[2023-07-27 20:45:39,400]  INFO {com.atomikos.icatch.config.imp.AbstractUserTransactionService} - USING com.atomikos.icatch.serial_jta_transactions = true
[2023-07-27 20:45:39,401]  INFO {com.atomikos.icatch.config.imp.AbstractUserTransactionService} - USING com.atomikos.icatch.log_base_dir = ./
[2023-07-27 20:45:39,401]  INFO {com.atomikos.icatch.config.imp.AbstractUserTransactionService} - USING com.atomikos.icatch.max_actives = 50
[2023-07-27 20:45:39,401]  INFO {com.atomikos.icatch.config.imp.AbstractUserTransactionService} - USING com.atomikos.icatch.console_log_level = WARN
[2023-07-27 20:45:39,401]  INFO {com.atomikos.icatch.config.imp.AbstractUserTransactionService} - USING com.atomikos.icatch.checkpoint_interval = 500
[2023-07-27 20:45:39,401]  INFO {com.atomikos.icatch.config.imp.AbstractUserTransactionService} - USING com.atomikos.icatch.enable_logging = true
[2023-07-27 20:45:39,401]  INFO {com.atomikos.icatch.config.imp.AbstractUserTransactionService} - USING com.atomikos.icatch.output_dir = ./
[2023-07-27 20:45:39,401]  INFO {com.atomikos.icatch.config.imp.AbstractUserTransactionService} - USING com.atomikos.icatch.log_base_name = tmlog
[2023-07-27 20:45:39,401]  INFO {com.atomikos.icatch.config.imp.AbstractUserTransactionService} - USING com.atomikos.icatch.console_file_limit = -1
[2023-07-27 20:45:39,401]  INFO {com.atomikos.icatch.config.imp.AbstractUserTransactionService} - USING com.atomikos.icatch.max_timeout = 300000
[2023-07-27 20:45:39,401]  INFO {com.atomikos.icatch.config.imp.AbstractUserTransactionService} - USING com.atomikos.icatch.tm_unique_name = 127.0.1.1.tm
[2023-07-27 20:45:39,401]  INFO {com.atomikos.icatch.config.imp.AbstractUserTransactionService} - USING java.naming.factory.initial = com.sun.jndi.rmi.registry.RegistryContextFactory
[2023-07-27 20:45:39,401]  INFO {com.atomikos.icatch.config.imp.AbstractUserTransactionService} - USING java.naming.provider.url = rmi://localhost:1099
[2023-07-27 20:45:39,401]  INFO {com.atomikos.icatch.config.imp.AbstractUserTransactionService} - USING com.atomikos.icatch.service = com.atomikos.icatch.standalone.UserTransactionServiceFactory
[2023-07-27 20:45:39,401]  INFO {com.atomikos.icatch.config.imp.AbstractUserTransactionService} - USING com.atomikos.icatch.force_shutdown_on_vm_exit = false
[2023-07-27 20:45:39,401]  INFO {com.atomikos.icatch.config.imp.AbstractUserTransactionService} - USING com.atomikos.icatch.default_jta_timeout = 10000
[2023-07-27 20:45:49,212]  INFO {com.atomikos.persistence.imp.FileLogStream} - Logfile closed: /home/osanda/Downloads/wso2mi-4.2.0/./tmlog5.log
[2023-07-27 20:45:49,213]  INFO {com.atomikos.icatch.imp.thread.TaskManager} - THREADS: using JDK thread pooling...
[2023-07-27 20:53:29,924]  INFO {com.atomikos.persistence.imp.FileLogStream} - Starting read of logfile /home/osanda/Downloads/wso2mi-4.2.0/./tmlog5.log
[2023-07-27 20:53:29,924]  INFO {com.atomikos.persistence.imp.FileLogStream} - Done read of logfile
[2023-07-27 20:53:29,925]  INFO {com.atomikos.persistence.imp.FileLogStream} - Logfile closed: /home/osanda/Downloads/wso2mi-4.2.0/./tmlog5.log
[2023-07-27 20:53:29,929]  INFO {com.atomikos.icatch.config.imp.AbstractUserTransactionService} - USING core version: 3.8.0
[2023-07-27 20:53:29,929]  INFO {com.atomikos.icatch.config.imp.AbstractUserTransactionService} - USING com.atomikos.icatch.console_file_name = tm.out
[2023-07-27 20:53:29,929]  INFO {com.atomikos.icatch.config.imp.AbstractUserTransactionService} - USING com.atomikos.icatch.console_file_count = 1
[2023-07-27 20:53:29,929]  INFO {com.atomikos.icatch.config.imp.AbstractUserTransactionService} - USING com.atomikos.icatch.automatic_resource_registration = true
[2023-07-27 20:53:29,929]  INFO {com.atomikos.icatch.config.imp.AbstractUserTransactionService} - USING com.atomikos.icatch.client_demarcation = false
[2023-07-27 20:53:29,929]  INFO {com.atomikos.icatch.config.imp.AbstractUserTransactionService} - USING com.atomikos.icatch.threaded_2pc = false
[2023-07-27 20:53:29,929]  INFO {com.atomikos.icatch.config.imp.AbstractUserTransactionService} - USING com.atomikos.icatch.serial_jta_transactions = true
[2023-07-27 20:53:29,930]  INFO {com.atomikos.icatch.config.imp.AbstractUserTransactionService} - USING com.atomikos.icatch.log_base_dir = ./
[2023-07-27 20:53:29,930]  INFO {com.atomikos.icatch.config.imp.AbstractUserTransactionService} - USING com.atomikos.icatch.max_actives = 50
[2023-07-27 20:53:29,930]  INFO {com.atomikos.icatch.config.imp.AbstractUserTransactionService} - USING com.atomikos.icatch.console_log_level = WARN
[2023-07-27 20:53:29,930]  INFO {com.atomikos.icatch.config.imp.AbstractUserTransactionService} - USING com.atomikos.icatch.checkpoint_interval = 500
[2023-07-27 20:53:29,930]  INFO {com.atomikos.icatch.config.imp.AbstractUserTransactionService} - USING com.atomikos.icatch.enable_logging = true
[2023-07-27 20:53:29,930]  INFO {com.atomikos.icatch.config.imp.AbstractUserTransactionService} - USING com.atomikos.icatch.output_dir = ./
[2023-07-27 20:53:29,930]  INFO {com.atomikos.icatch.config.imp.AbstractUserTransactionService} - USING com.atomikos.icatch.log_base_name = tmlog
[2023-07-27 20:53:29,930]  INFO {com.atomikos.icatch.config.imp.AbstractUserTransactionService} - USING com.atomikos.icatch.console_file_limit = -1
[2023-07-27 20:53:29,930]  INFO {com.atomikos.icatch.config.imp.AbstractUserTransactionService} - USING com.atomikos.icatch.max_timeout = 300000
[2023-07-27 20:53:29,930]  INFO {com.atomikos.icatch.config.imp.AbstractUserTransactionService} - USING com.atomikos.icatch.tm_unique_name = 127.0.1.1.tm
[2023-07-27 20:53:29,930]  INFO {com.atomikos.icatch.config.imp.AbstractUserTransactionService} - USING java.naming.factory.initial = com.sun.jndi.rmi.registry.RegistryContextFactory
[2023-07-27 20:53:29,930]  INFO {com.atomikos.icatch.config.imp.AbstractUserTransactionService} - USING java.naming.provider.url = rmi://localhost:1099
[2023-07-27 20:53:29,930]  INFO {com.atomikos.icatch.config.imp.AbstractUserTransactionService} - USING com.atomikos.icatch.service = com.atomikos.icatch.standalone.UserTransactionServiceFactory
[2023-07-27 20:53:29,930]  INFO {com.atomikos.icatch.config.imp.AbstractUserTransactionService} - USING com.atomikos.icatch.force_shutdown_on_vm_exit = false
[2023-07-27 20:53:29,930]  INFO {com.atomikos.icatch.config.imp.AbstractUserTransactionService} - USING com.atomikos.icatch.default_jta_timeout = 10000
[2023-07-27 20:58:03,664]  INFO {com.atomikos.persistence.imp.FileLogStream} - Logfile closed: /home/osanda/Downloads/wso2mi-4.2.0/./tmlog6.log
[2023-07-27 20:58:03,665]  INFO {com.atomikos.icatch.imp.thread.TaskManager} - THREADS: using JDK thread pooling...
[2023-07-27 21:02:39,835]  INFO {com.atomikos.persistence.imp.FileLogStream} - Starting read of logfile /home/osanda/Downloads/wso2mi-4.2.0/./tmlog6.log
[2023-07-27 21:02:39,835]  INFO {com.atomikos.persistence.imp.FileLogStream} - Done read of logfile
[2023-07-27 21:02:39,836]  INFO {com.atomikos.persistence.imp.FileLogStream} - Logfile closed: /home/osanda/Downloads/wso2mi-4.2.0/./tmlog6.log
[2023-07-27 21:02:39,840]  INFO {com.atomikos.icatch.config.imp.AbstractUserTransactionService} - USING core version: 3.8.0
[2023-07-27 21:02:39,840]  INFO {com.atomikos.icatch.config.imp.AbstractUserTransactionService} - USING com.atomikos.icatch.console_file_name = tm.out
[2023-07-27 21:02:39,840]  INFO {com.atomikos.icatch.config.imp.AbstractUserTransactionService} - USING com.atomikos.icatch.console_file_count = 1
[2023-07-27 21:02:39,840]  INFO {com.atomikos.icatch.config.imp.AbstractUserTransactionService} - USING com.atomikos.icatch.automatic_resource_registration = true
[2023-07-27 21:02:39,840]  INFO {com.atomikos.icatch.config.imp.AbstractUserTransactionService} - USING com.atomikos.icatch.client_demarcation = false
[2023-07-27 21:02:39,840]  INFO {com.atomikos.icatch.config.imp.AbstractUserTransactionService} - USING com.atomikos.icatch.threaded_2pc = false
[2023-07-27 21:02:39,841]  INFO {com.atomikos.icatch.config.imp.AbstractUserTransactionService} - USING com.atomikos.icatch.serial_jta_transactions = true
[2023-07-27 21:02:39,841]  INFO {com.atomikos.icatch.config.imp.AbstractUserTransactionService} - USING com.atomikos.icatch.log_base_dir = ./
[2023-07-27 21:02:39,841]  INFO {com.atomikos.icatch.config.imp.AbstractUserTransactionService} - USING com.atomikos.icatch.max_actives = 50
[2023-07-27 21:02:39,841]  INFO {com.atomikos.icatch.config.imp.AbstractUserTransactionService} - USING com.atomikos.icatch.console_log_level = WARN
[2023-07-27 21:02:39,841]  INFO {com.atomikos.icatch.config.imp.AbstractUserTransactionService} - USING com.atomikos.icatch.checkpoint_interval = 500
[2023-07-27 21:02:39,841]  INFO {com.atomikos.icatch.config.imp.AbstractUserTransactionService} - USING com.atomikos.icatch.enable_logging = true
[2023-07-27 21:02:39,841]  INFO {com.atomikos.icatch.config.imp.AbstractUserTransactionService} - USING com.atomikos.icatch.output_dir = ./
[2023-07-27 21:02:39,841]  INFO {com.atomikos.icatch.config.imp.AbstractUserTransactionService} - USING com.atomikos.icatch.log_base_name = tmlog
[2023-07-27 21:02:39,841]  INFO {com.atomikos.icatch.config.imp.AbstractUserTransactionService} - USING com.atomikos.icatch.console_file_limit = -1
[2023-07-27 21:02:39,841]  INFO {com.atomikos.icatch.config.imp.AbstractUserTransactionService} - USING com.atomikos.icatch.max_timeout = 300000
[2023-07-27 21:02:39,841]  INFO {com.atomikos.icatch.config.imp.AbstractUserTransactionService} - USING com.atomikos.icatch.tm_unique_name = 127.0.1.1.tm
[2023-07-27 21:02:39,841]  INFO {com.atomikos.icatch.config.imp.AbstractUserTransactionService} - USING java.naming.factory.initial = com.sun.jndi.rmi.registry.RegistryContextFactory
[2023-07-27 21:02:39,841]  INFO {com.atomikos.icatch.config.imp.AbstractUserTransactionService} - USING java.naming.provider.url = rmi://localhost:1099
[2023-07-27 21:02:39,841]  INFO {com.atomikos.icatch.config.imp.AbstractUserTransactionService} - USING com.atomikos.icatch.service = com.atomikos.icatch.standalone.UserTransactionServiceFactory
[2023-07-27 21:02:39,841]  INFO {com.atomikos.icatch.config.imp.AbstractUserTransactionService} - USING com.atomikos.icatch.force_shutdown_on_vm_exit = false
[2023-07-27 21:02:39,841]  INFO {com.atomikos.icatch.config.imp.AbstractUserTransactionService} - USING com.atomikos.icatch.default_jta_timeout = 10000
[2023-07-27 21:04:33,452]  INFO {com.atomikos.persistence.imp.FileLogStream} - Logfile closed: /home/osanda/Downloads/wso2mi-4.2.0/./tmlog7.log
[2023-07-27 21:04:33,453]  INFO {com.atomikos.icatch.imp.thread.TaskManager} - THREADS: using JDK thread pooling...
[2023-07-27 21:04:42,494]  WARN {com.atomikos.icatch.config.UserTransactionServiceImp} - Using init file: /home/osanda/Downloads/wso2mi-4.2.0/wso2/lib/transactions.properties
[2023-07-27 21:04:42,495]  WARN {com.atomikos.icatch.config.UserTransactionServiceImp} - Failed to open transactions properties file - using default values
[2023-07-27 21:04:42,510]  INFO {com.atomikos.persistence.imp.FileLogStream} - Starting read of logfile /home/osanda/Downloads/wso2mi-4.2.0/./tmlog7.log
[2023-07-27 21:04:42,510]  INFO {com.atomikos.persistence.imp.FileLogStream} - Done read of logfile
[2023-07-27 21:04:42,511]  INFO {com.atomikos.persistence.imp.FileLogStream} - Logfile closed: /home/osanda/Downloads/wso2mi-4.2.0/./tmlog7.log
[2023-07-27 21:04:42,515]  INFO {com.atomikos.icatch.config.imp.AbstractUserTransactionService} - USING core version: 3.8.0
[2023-07-27 21:04:42,515]  INFO {com.atomikos.icatch.config.imp.AbstractUserTransactionService} - USING com.atomikos.icatch.console_file_name = tm.out
[2023-07-27 21:04:42,515]  INFO {com.atomikos.icatch.config.imp.AbstractUserTransactionService} - USING com.atomikos.icatch.console_file_count = 1
[2023-07-27 21:04:42,515]  INFO {com.atomikos.icatch.config.imp.AbstractUserTransactionService} - USING com.atomikos.icatch.automatic_resource_registration = true
[2023-07-27 21:04:42,515]  INFO {com.atomikos.icatch.config.imp.AbstractUserTransactionService} - USING com.atomikos.icatch.client_demarcation = false
[2023-07-27 21:04:42,515]  INFO {com.atomikos.icatch.config.imp.AbstractUserTransactionService} - USING com.atomikos.icatch.threaded_2pc = false
[2023-07-27 21:04:42,515]  INFO {com.atomikos.icatch.config.imp.AbstractUserTransactionService} - USING com.atomikos.icatch.serial_jta_transactions = true
[2023-07-27 21:04:42,515]  INFO {com.atomikos.icatch.config.imp.AbstractUserTransactionService} - USING com.atomikos.icatch.log_base_dir = ./
[2023-07-27 21:04:42,515]  INFO {com.atomikos.icatch.config.imp.AbstractUserTransactionService} - USING com.atomikos.icatch.max_actives = 50
[2023-07-27 21:04:42,516]  INFO {com.atomikos.icatch.config.imp.AbstractUserTransactionService} - USING com.atomikos.icatch.console_log_level = WARN
[2023-07-27 21:04:42,516]  INFO {com.atomikos.icatch.config.imp.AbstractUserTransactionService} - USING com.atomikos.icatch.checkpoint_interval = 500
[2023-07-27 21:04:42,516]  INFO {com.atomikos.icatch.config.imp.AbstractUserTransactionService} - USING com.atomikos.icatch.enable_logging = true
[2023-07-27 21:04:42,516]  INFO {com.atomikos.icatch.config.imp.AbstractUserTransactionService} - USING com.atomikos.icatch.output_dir = ./
[2023-07-27 21:04:42,516]  INFO {com.atomikos.icatch.config.imp.AbstractUserTransactionService} - USING com.atomikos.icatch.log_base_name = tmlog
[2023-07-27 21:04:42,516]  INFO {com.atomikos.icatch.config.imp.AbstractUserTransactionService} - USING com.atomikos.icatch.console_file_limit = -1
[2023-07-27 21:04:42,516]  INFO {com.atomikos.icatch.config.imp.AbstractUserTransactionService} - USING com.atomikos.icatch.max_timeout = 300000
[2023-07-27 21:04:42,516]  INFO {com.atomikos.icatch.config.imp.AbstractUserTransactionService} - USING com.atomikos.icatch.tm_unique_name = 127.0.1.1.tm
[2023-07-27 21:04:42,517]  INFO {com.atomikos.icatch.config.imp.AbstractUserTransactionService} - USING java.naming.factory.initial = com.sun.jndi.rmi.registry.RegistryContextFactory
[2023-07-27 21:04:42,517]  INFO {com.atomikos.icatch.config.imp.AbstractUserTransactionService} - USING java.naming.provider.url = rmi://localhost:1099
[2023-07-27 21:04:42,517]  INFO {com.atomikos.icatch.config.imp.AbstractUserTransactionService} - USING com.atomikos.icatch.service = com.atomikos.icatch.standalone.UserTransactionServiceFactory
[2023-07-27 21:04:42,517]  INFO {com.atomikos.icatch.config.imp.AbstractUserTransactionService} - USING com.atomikos.icatch.force_shutdown_on_vm_exit = false
[2023-07-27 21:04:42,517]  INFO {com.atomikos.icatch.config.imp.AbstractUserTransactionService} - USING com.atomikos.icatch.default_jta_timeout = 10000
[2023-07-27 21:34:19,048]  INFO {com.atomikos.persistence.imp.FileLogStream} - Logfile closed: /home/osanda/Downloads/wso2mi-4.2.0/./tmlog8.log
[2023-07-27 21:34:19,049]  INFO {com.atomikos.icatch.imp.thread.TaskManager} - THREADS: using JDK thread pooling...
