[2023-08-29 20:57:36,954]  INFO {org.wso2.micro.integrator.initializer.deployment.application.deployer.CappDeployer} - Successfully Deployed Carbon Application : TestInt2CompositeExporter_1.0.0{super-tenant}
[2023-08-29 20:57:36,974]  INFO {org.apache.synapse.transport.passthru.core.PassThroughListeningIOReactorManager} - Pass-through HTTP Listener started on 0.0.0.0:8290
[2023-08-29 20:57:37,006]  INFO {org.apache.synapse.transport.passthru.core.PassThroughListeningIOReactorManager} - Pass-through HTTPS Listener started on 0.0.0.0:8253
[2023-08-29 20:57:37,007]  INFO {org.wso2.micro.integrator.initializer.StartupFinalizer} - WSO2 Micro Integrator started in 4.78 seconds
[2023-08-29 20:57:37,016] FATAL {org.wso2.micro.integrator.initializer.ServiceBusInitializer} - Failed to initialize ESB due to a fatal error java.lang.NoClassDefFoundError: org/wso2/carbon/inbound/endpoint/EndpointListenerLoader
	at org.wso2.micro.integrator.initializer.ServiceBusInitializer.activate(ServiceBusInitializer.java:220)
	at java.base/jdk.internal.reflect.NativeMethodAccessorImpl.invoke0(Native Method)
	at java.base/jdk.internal.reflect.NativeMethodAccessorImpl.invoke(NativeMethodAccessorImpl.java:62)
	at java.base/jdk.internal.reflect.DelegatingMethodAccessorImpl.invoke(DelegatingMethodAccessorImpl.java:43)
	at java.base/java.lang.reflect.Method.invoke(Method.java:566)
	at org.eclipse.equinox.internal.ds.model.ServiceComponent.activate(ServiceComponent.java:235)
	at org.eclipse.equinox.internal.ds.model.ServiceComponentProp.activate(ServiceComponentProp.java:146)
	at org.eclipse.equinox.internal.ds.model.ServiceComponentProp.build(ServiceComponentProp.java:345)
	at org.eclipse.equinox.internal.ds.InstanceProcess.buildComponent(InstanceProcess.java:620)
	at org.eclipse.equinox.internal.ds.InstanceProcess.buildComponents(InstanceProcess.java:197)
	at org.eclipse.equinox.internal.ds.Resolver.getEligible(Resolver.java:343)
	at org.eclipse.equinox.internal.ds.SCRManager.serviceChanged(SCRManager.java:222)
	at org.eclipse.osgi.internal.serviceregistry.FilteredServiceListener.serviceChanged(FilteredServiceListener.java:113)
	at org.eclipse.osgi.internal.framework.BundleContextImpl.dispatchEvent(BundleContextImpl.java:985)
	at org.eclipse.osgi.framework.eventmgr.EventManager.dispatchEvent(EventManager.java:234)
	at org.eclipse.osgi.framework.eventmgr.ListenerQueue.dispatchEventSynchronous(ListenerQueue.java:151)
	at org.eclipse.osgi.internal.serviceregistry.ServiceRegistry.publishServiceEventPrivileged(ServiceRegistry.java:866)
	at org.eclipse.osgi.internal.serviceregistry.ServiceRegistry.publishServiceEvent(ServiceRegistry.java:804)
	at org.eclipse.osgi.internal.serviceregistry.ServiceRegistrationImpl.register(ServiceRegistrationImpl.java:130)
	at org.eclipse.osgi.internal.serviceregistry.ServiceRegistry.registerService(ServiceRegistry.java:228)
	at org.eclipse.osgi.internal.framework.BundleContextImpl.registerService(BundleContextImpl.java:525)
	at org.eclipse.osgi.internal.framework.BundleContextImpl.registerService(BundleContextImpl.java:544)
	at org.wso2.micro.integrator.ntask.core.internal.TasksDSComponent.activate(TasksDSComponent.java:147)
	at java.base/jdk.internal.reflect.NativeMethodAccessorImpl.invoke0(Native Method)
	at java.base/jdk.internal.reflect.NativeMethodAccessorImpl.invoke(NativeMethodAccessorImpl.java:62)
	at java.base/jdk.internal.reflect.DelegatingMethodAccessorImpl.invoke(DelegatingMethodAccessorImpl.java:43)
	at java.base/java.lang.reflect.Method.invoke(Method.java:566)
	at org.eclipse.equinox.internal.ds.model.ServiceComponent.activate(ServiceComponent.java:260)
	at org.eclipse.equinox.internal.ds.model.ServiceComponentProp.activate(ServiceComponentProp.java:146)
	at org.eclipse.equinox.internal.ds.model.ServiceComponentProp.build(ServiceComponentProp.java:345)
	at org.eclipse.equinox.internal.ds.InstanceProcess.buildComponent(InstanceProcess.java:620)
	at org.eclipse.equinox.internal.ds.InstanceProcess.buildComponents(InstanceProcess.java:197)
	at org.eclipse.equinox.internal.ds.Resolver.buildNewlySatisfied(Resolver.java:473)
	at org.eclipse.equinox.internal.ds.Resolver.enableComponents(Resolver.java:217)
	at org.eclipse.equinox.internal.ds.SCRManager.performWork(SCRManager.java:816)
	at org.eclipse.equinox.internal.ds.SCRManager$QueuedJob.dispatch(SCRManager.java:783)
	at org.eclipse.equinox.internal.ds.WorkThread.run(WorkThread.java:89)
	at java.base/java.lang.Thread.run(Thread.java:829)
Caused by: java.lang.ClassNotFoundException: org.wso2.carbon.inbound.endpoint.EndpointListenerLoader cannot be found by org.wso2.micro.integrator.initializer_4.2.0
	at org.eclipse.osgi.internal.loader.BundleLoader.findClassInternal(BundleLoader.java:512)
	at org.eclipse.osgi.internal.loader.BundleLoader.findClass(BundleLoader.java:423)
	at org.eclipse.osgi.internal.loader.BundleLoader.findClass(BundleLoader.java:415)
	at org.eclipse.osgi.internal.loader.ModuleClassLoader.loadClass(ModuleClassLoader.java:155)
	at java.base/java.lang.ClassLoader.loadClass(ClassLoader.java:527)
	... 38 more

[2023-08-29 20:57:37,050] ERROR {Events.Framework} - FrameworkEvent ERROR org.osgi.framework.BundleException: Could not resolve module: org.wso2.micro.integrator.observability [221]
  Unresolved requirement: Import-Package: org.wso2.carbon.inbound.endpoint.internal.http.api; version="4.2.0"

	at org.eclipse.osgi.container.Module.start(Module.java:457)
	at org.eclipse.osgi.container.ModuleContainer$ContainerStartLevel$1.run(ModuleContainer.java:1820)
	at org.eclipse.osgi.internal.framework.EquinoxContainerAdaptor$2$1.execute(EquinoxContainerAdaptor.java:150)
	at org.eclipse.osgi.container.ModuleContainer$ContainerStartLevel.incStartLevel(ModuleContainer.java:1813)
	at org.eclipse.osgi.container.ModuleContainer$ContainerStartLevel.incStartLevel(ModuleContainer.java:1770)
	at org.eclipse.osgi.container.ModuleContainer$ContainerStartLevel.doContainerStartLevel(ModuleContainer.java:1735)
	at org.eclipse.osgi.container.ModuleContainer$ContainerStartLevel.dispatchEvent(ModuleContainer.java:1661)
	at org.eclipse.osgi.container.ModuleContainer$ContainerStartLevel.dispatchEvent(ModuleContainer.java:1)
	at org.eclipse.osgi.framework.eventmgr.EventManager.dispatchEvent(EventManager.java:234)
	at org.eclipse.osgi.framework.eventmgr.EventManager$EventThread.run(EventManager.java:345)

[2023-08-29 20:58:21,964]  INFO {org.wso2.micro.integrator.initializer.deployment.application.deployer.CappDeployer} - Undeploying Carbon Application : TestInt2CompositeExporter_1.0.0...
[2023-08-29 20:58:21,981]  INFO {org.wso2.micro.integrator.initializer.deployment.application.deployer.CappDeployer} - Successfully undeployed Carbon Application : TestInt2CompositeExporter_1.0.0{super-tenant}
[2023-08-29 21:06:19,226]  INFO {org.wso2.micro.integrator.core.internal.CoreServerInitializer} - Gracefully shutting down WSO2 Micro Integrator...
[2023-08-29 21:06:19,229]  INFO {org.wso2.micro.core.ServerManagement} - Starting to switch to maintenance mode...
[2023-08-29 21:06:19,230]  INFO {org.apache.synapse.transport.passthru.core.PassThroughListeningIOReactorManager} - Pausing  IO Reactor bind for port 8290
[2023-08-29 21:06:19,232]  INFO {org.apache.synapse.transport.passthru.core.PassThroughListeningIOReactorManager} - Shutting down IO Reactor bind for port 8290
[2023-08-29 21:06:19,236]  INFO {org.apache.synapse.transport.passthru.core.PassThroughListeningIOReactorManager} - HTTP-Listener I/O dispatcher Listener shutdown.
[2023-08-29 21:06:19,236]  INFO {org.apache.synapse.transport.passthru.core.PassThroughListeningIOReactorManager} - Pausing  IO Reactor bind for port 8253
[2023-08-29 21:06:19,237]  INFO {org.apache.synapse.transport.passthru.core.PassThroughListeningIOReactorManager} - Shutting down IO Reactor bind for port 8253
[2023-08-29 21:06:19,238]  INFO {org.apache.synapse.transport.passthru.core.PassThroughListeningIOReactorManager} - HTTPS-Listener I/O dispatcher Listener shutdown.
[2023-08-29 21:06:19,238]  INFO {org.wso2.micro.core.ServerManagement} - Stopped all transport listeners
[2023-08-29 21:06:19,238]  INFO {org.wso2.micro.core.ServerManagement} - Waiting for request service completion...
[2023-08-29 21:06:19,240]  INFO {org.wso2.micro.core.ServerManagement} - All requests have been served.
[2023-08-29 21:06:19,240]  INFO {org.wso2.micro.core.ServerManagement} - Waiting for deployment completion...
[2023-08-29 21:06:19,241]  INFO {org.wso2.micro.core.ServerManagement} - All deployment tasks have been completed.
[2023-08-29 21:06:19,241]  INFO {org.wso2.micro.core.ServerManagement} - Waiting for server task completion...
[2023-08-29 21:06:19,242]  INFO {org.wso2.micro.core.ServerManagement} - All server tasks have been completed.
[2023-08-29 21:06:19,258]  INFO {org.apache.synapse.deployers.interceptor.DeploymentInterceptor} - Removing Axis2 Service: __SynapseService
[2023-08-29 21:06:19,261]  INFO {org.apache.synapse.task.SynapseTaskManager} - Shutting down the task manager
[2023-08-29 21:06:27,373]  INFO {org.apache.synapse.transport.passthru.core.PassThroughListeningIOReactorManager} - Pass-through HTTP Listener started on 0.0.0.0:8290
[2023-08-29 21:06:27,399]  INFO {org.apache.synapse.transport.passthru.core.PassThroughListeningIOReactorManager} - Pass-through HTTPS Listener started on 0.0.0.0:8253
[2023-08-29 21:06:27,399]  INFO {org.wso2.micro.integrator.initializer.StartupFinalizer} - WSO2 Micro Integrator started in 4.71 seconds
[2023-08-29 21:06:27,404] FATAL {org.wso2.micro.integrator.initializer.ServiceBusInitializer} - Failed to initialize ESB due to a fatal error java.lang.NoClassDefFoundError: org/wso2/carbon/inbound/endpoint/EndpointListenerLoader
	at org.wso2.micro.integrator.initializer.ServiceBusInitializer.activate(ServiceBusInitializer.java:220)
	at java.base/jdk.internal.reflect.NativeMethodAccessorImpl.invoke0(Native Method)
	at java.base/jdk.internal.reflect.NativeMethodAccessorImpl.invoke(NativeMethodAccessorImpl.java:62)
	at java.base/jdk.internal.reflect.DelegatingMethodAccessorImpl.invoke(DelegatingMethodAccessorImpl.java:43)
	at java.base/java.lang.reflect.Method.invoke(Method.java:566)
	at org.eclipse.equinox.internal.ds.model.ServiceComponent.activate(ServiceComponent.java:235)
	at org.eclipse.equinox.internal.ds.model.ServiceComponentProp.activate(ServiceComponentProp.java:146)
	at org.eclipse.equinox.internal.ds.model.ServiceComponentProp.build(ServiceComponentProp.java:345)
	at org.eclipse.equinox.internal.ds.InstanceProcess.buildComponent(InstanceProcess.java:620)
	at org.eclipse.equinox.internal.ds.InstanceProcess.buildComponents(InstanceProcess.java:197)
	at org.eclipse.equinox.internal.ds.Resolver.getEligible(Resolver.java:343)
	at org.eclipse.equinox.internal.ds.SCRManager.serviceChanged(SCRManager.java:222)
	at org.eclipse.osgi.internal.serviceregistry.FilteredServiceListener.serviceChanged(FilteredServiceListener.java:113)
	at org.eclipse.osgi.internal.framework.BundleContextImpl.dispatchEvent(BundleContextImpl.java:985)
	at org.eclipse.osgi.framework.eventmgr.EventManager.dispatchEvent(EventManager.java:234)
	at org.eclipse.osgi.framework.eventmgr.ListenerQueue.dispatchEventSynchronous(ListenerQueue.java:151)
	at org.eclipse.osgi.internal.serviceregistry.ServiceRegistry.publishServiceEventPrivileged(ServiceRegistry.java:866)
	at org.eclipse.osgi.internal.serviceregistry.ServiceRegistry.publishServiceEvent(ServiceRegistry.java:804)
	at org.eclipse.osgi.internal.serviceregistry.ServiceRegistrationImpl.register(ServiceRegistrationImpl.java:130)
	at org.eclipse.osgi.internal.serviceregistry.ServiceRegistry.registerService(ServiceRegistry.java:228)
	at org.eclipse.osgi.internal.framework.BundleContextImpl.registerService(BundleContextImpl.java:525)
	at org.eclipse.osgi.internal.framework.BundleContextImpl.registerService(BundleContextImpl.java:544)
	at org.wso2.micro.integrator.ntask.core.internal.TasksDSComponent.activate(TasksDSComponent.java:147)
	at java.base/jdk.internal.reflect.NativeMethodAccessorImpl.invoke0(Native Method)
	at java.base/jdk.internal.reflect.NativeMethodAccessorImpl.invoke(NativeMethodAccessorImpl.java:62)
	at java.base/jdk.internal.reflect.DelegatingMethodAccessorImpl.invoke(DelegatingMethodAccessorImpl.java:43)
	at java.base/java.lang.reflect.Method.invoke(Method.java:566)
	at org.eclipse.equinox.internal.ds.model.ServiceComponent.activate(ServiceComponent.java:260)
	at org.eclipse.equinox.internal.ds.model.ServiceComponentProp.activate(ServiceComponentProp.java:146)
	at org.eclipse.equinox.internal.ds.model.ServiceComponentProp.build(ServiceComponentProp.java:345)
	at org.eclipse.equinox.internal.ds.InstanceProcess.buildComponent(InstanceProcess.java:620)
	at org.eclipse.equinox.internal.ds.InstanceProcess.buildComponents(InstanceProcess.java:197)
	at org.eclipse.equinox.internal.ds.Resolver.buildNewlySatisfied(Resolver.java:473)
	at org.eclipse.equinox.internal.ds.Resolver.enableComponents(Resolver.java:217)
	at org.eclipse.equinox.internal.ds.SCRManager.performWork(SCRManager.java:816)
	at org.eclipse.equinox.internal.ds.SCRManager$QueuedJob.dispatch(SCRManager.java:783)
	at org.eclipse.equinox.internal.ds.WorkThread.run(WorkThread.java:89)
	at java.base/java.lang.Thread.run(Thread.java:829)
Caused by: java.lang.ClassNotFoundException: org.wso2.carbon.inbound.endpoint.EndpointListenerLoader cannot be found by org.wso2.micro.integrator.initializer_4.2.0
	at org.eclipse.osgi.internal.loader.BundleLoader.findClassInternal(BundleLoader.java:512)
	at org.eclipse.osgi.internal.loader.BundleLoader.findClass(BundleLoader.java:423)
	at org.eclipse.osgi.internal.loader.BundleLoader.findClass(BundleLoader.java:415)
	at org.eclipse.osgi.internal.loader.ModuleClassLoader.loadClass(ModuleClassLoader.java:155)
	at java.base/java.lang.ClassLoader.loadClass(ClassLoader.java:527)
	... 38 more

[2023-08-29 21:06:27,430] ERROR {Events.Framework} - FrameworkEvent ERROR org.osgi.framework.BundleException: Could not resolve module: org.wso2.micro.integrator.observability [221]
  Unresolved requirement: Import-Package: org.wso2.carbon.inbound.endpoint.internal.http.api; version="4.2.0"

	at org.eclipse.osgi.container.Module.start(Module.java:457)
	at org.eclipse.osgi.container.ModuleContainer$ContainerStartLevel$1.run(ModuleContainer.java:1820)
	at org.eclipse.osgi.internal.framework.EquinoxContainerAdaptor$2$1.execute(EquinoxContainerAdaptor.java:150)
	at org.eclipse.osgi.container.ModuleContainer$ContainerStartLevel.incStartLevel(ModuleContainer.java:1813)
	at org.eclipse.osgi.container.ModuleContainer$ContainerStartLevel.incStartLevel(ModuleContainer.java:1770)
	at org.eclipse.osgi.container.ModuleContainer$ContainerStartLevel.doContainerStartLevel(ModuleContainer.java:1735)
	at org.eclipse.osgi.container.ModuleContainer$ContainerStartLevel.dispatchEvent(ModuleContainer.java:1661)
	at org.eclipse.osgi.container.ModuleContainer$ContainerStartLevel.dispatchEvent(ModuleContainer.java:1)
	at org.eclipse.osgi.framework.eventmgr.EventManager.dispatchEvent(EventManager.java:234)
	at org.eclipse.osgi.framework.eventmgr.EventManager$EventThread.run(EventManager.java:345)

[2023-08-29 21:10:08,472]  INFO {org.wso2.micro.integrator.core.internal.CoreServerInitializer} - Gracefully shutting down WSO2 Micro Integrator...
[2023-08-29 21:10:08,475]  INFO {org.wso2.micro.core.ServerManagement} - Starting to switch to maintenance mode...
[2023-08-29 21:10:08,476]  INFO {org.apache.synapse.transport.passthru.core.PassThroughListeningIOReactorManager} - Pausing  IO Reactor bind for port 8290
[2023-08-29 21:10:08,478]  INFO {org.apache.synapse.transport.passthru.core.PassThroughListeningIOReactorManager} - Shutting down IO Reactor bind for port 8290
[2023-08-29 21:10:08,482]  INFO {org.apache.synapse.transport.passthru.core.PassThroughListeningIOReactorManager} - HTTP-Listener I/O dispatcher Listener shutdown.
[2023-08-29 21:10:08,483]  INFO {org.apache.synapse.transport.passthru.core.PassThroughListeningIOReactorManager} - Pausing  IO Reactor bind for port 8253
[2023-08-29 21:10:08,483]  INFO {org.apache.synapse.transport.passthru.core.PassThroughListeningIOReactorManager} - Shutting down IO Reactor bind for port 8253
[2023-08-29 21:10:08,484]  INFO {org.apache.synapse.transport.passthru.core.PassThroughListeningIOReactorManager} - HTTPS-Listener I/O dispatcher Listener shutdown.
[2023-08-29 21:10:08,485]  INFO {org.wso2.micro.core.ServerManagement} - Stopped all transport listeners
[2023-08-29 21:10:08,485]  INFO {org.wso2.micro.core.ServerManagement} - Waiting for request service completion...
[2023-08-29 21:10:08,486]  INFO {org.wso2.micro.core.ServerManagement} - All requests have been served.
[2023-08-29 21:10:08,486]  INFO {org.wso2.micro.core.ServerManagement} - Waiting for deployment completion...
[2023-08-29 21:10:08,488]  INFO {org.wso2.micro.core.ServerManagement} - All deployment tasks have been completed.
[2023-08-29 21:10:08,488]  INFO {org.wso2.micro.core.ServerManagement} - Waiting for server task completion...
[2023-08-29 21:10:08,488]  INFO {org.wso2.micro.core.ServerManagement} - All server tasks have been completed.
[2023-08-29 21:10:08,505]  INFO {org.apache.synapse.deployers.interceptor.DeploymentInterceptor} - Removing Axis2 Service: __SynapseService
[2023-08-29 21:10:08,507]  INFO {org.apache.synapse.task.SynapseTaskManager} - Shutting down the task manager
[2023-08-29 21:10:16,302]  INFO {org.apache.synapse.transport.passthru.core.PassThroughListeningIOReactorManager} - Pass-through HTTP Listener started on 0.0.0.0:8290
[2023-08-29 21:10:16,342]  INFO {org.apache.synapse.transport.passthru.core.PassThroughListeningIOReactorManager} - Pass-through HTTPS Listener started on 0.0.0.0:8253
[2023-08-29 21:10:16,343]  INFO {org.wso2.micro.integrator.initializer.StartupFinalizer} - WSO2 Micro Integrator started in 4.79 seconds
[2023-08-29 21:10:16,348] FATAL {org.wso2.micro.integrator.initializer.ServiceBusInitializer} - Failed to initialize ESB due to a fatal error java.lang.NoClassDefFoundError: org/wso2/carbon/inbound/endpoint/EndpointListenerLoader
	at org.wso2.micro.integrator.initializer.ServiceBusInitializer.activate(ServiceBusInitializer.java:220)
	at java.base/jdk.internal.reflect.NativeMethodAccessorImpl.invoke0(Native Method)
	at java.base/jdk.internal.reflect.NativeMethodAccessorImpl.invoke(NativeMethodAccessorImpl.java:62)
	at java.base/jdk.internal.reflect.DelegatingMethodAccessorImpl.invoke(DelegatingMethodAccessorImpl.java:43)
	at java.base/java.lang.reflect.Method.invoke(Method.java:566)
	at org.eclipse.equinox.internal.ds.model.ServiceComponent.activate(ServiceComponent.java:235)
	at org.eclipse.equinox.internal.ds.model.ServiceComponentProp.activate(ServiceComponentProp.java:146)
	at org.eclipse.equinox.internal.ds.model.ServiceComponentProp.build(ServiceComponentProp.java:345)
	at org.eclipse.equinox.internal.ds.InstanceProcess.buildComponent(InstanceProcess.java:620)
	at org.eclipse.equinox.internal.ds.InstanceProcess.buildComponents(InstanceProcess.java:197)
	at org.eclipse.equinox.internal.ds.Resolver.getEligible(Resolver.java:343)
	at org.eclipse.equinox.internal.ds.SCRManager.serviceChanged(SCRManager.java:222)
	at org.eclipse.osgi.internal.serviceregistry.FilteredServiceListener.serviceChanged(FilteredServiceListener.java:113)
	at org.eclipse.osgi.internal.framework.BundleContextImpl.dispatchEvent(BundleContextImpl.java:985)
	at org.eclipse.osgi.framework.eventmgr.EventManager.dispatchEvent(EventManager.java:234)
	at org.eclipse.osgi.framework.eventmgr.ListenerQueue.dispatchEventSynchronous(ListenerQueue.java:151)
	at org.eclipse.osgi.internal.serviceregistry.ServiceRegistry.publishServiceEventPrivileged(ServiceRegistry.java:866)
	at org.eclipse.osgi.internal.serviceregistry.ServiceRegistry.publishServiceEvent(ServiceRegistry.java:804)
	at org.eclipse.osgi.internal.serviceregistry.ServiceRegistrationImpl.register(ServiceRegistrationImpl.java:130)
	at org.eclipse.osgi.internal.serviceregistry.ServiceRegistry.registerService(ServiceRegistry.java:228)
	at org.eclipse.osgi.internal.framework.BundleContextImpl.registerService(BundleContextImpl.java:525)
	at org.eclipse.osgi.internal.framework.BundleContextImpl.registerService(BundleContextImpl.java:544)
	at org.wso2.micro.integrator.ntask.core.internal.TasksDSComponent.activate(TasksDSComponent.java:147)
	at java.base/jdk.internal.reflect.NativeMethodAccessorImpl.invoke0(Native Method)
	at java.base/jdk.internal.reflect.NativeMethodAccessorImpl.invoke(NativeMethodAccessorImpl.java:62)
	at java.base/jdk.internal.reflect.DelegatingMethodAccessorImpl.invoke(DelegatingMethodAccessorImpl.java:43)
	at java.base/java.lang.reflect.Method.invoke(Method.java:566)
	at org.eclipse.equinox.internal.ds.model.ServiceComponent.activate(ServiceComponent.java:260)
	at org.eclipse.equinox.internal.ds.model.ServiceComponentProp.activate(ServiceComponentProp.java:146)
	at org.eclipse.equinox.internal.ds.model.ServiceComponentProp.build(ServiceComponentProp.java:345)
	at org.eclipse.equinox.internal.ds.InstanceProcess.buildComponent(InstanceProcess.java:620)
	at org.eclipse.equinox.internal.ds.InstanceProcess.buildComponents(InstanceProcess.java:197)
	at org.eclipse.equinox.internal.ds.Resolver.buildNewlySatisfied(Resolver.java:473)
	at org.eclipse.equinox.internal.ds.Resolver.enableComponents(Resolver.java:217)
	at org.eclipse.equinox.internal.ds.SCRManager.performWork(SCRManager.java:816)
	at org.eclipse.equinox.internal.ds.SCRManager$QueuedJob.dispatch(SCRManager.java:783)
	at org.eclipse.equinox.internal.ds.WorkThread.run(WorkThread.java:89)
	at java.base/java.lang.Thread.run(Thread.java:829)
Caused by: java.lang.ClassNotFoundException: org.wso2.carbon.inbound.endpoint.EndpointListenerLoader cannot be found by org.wso2.micro.integrator.initializer_4.2.0
	at org.eclipse.osgi.internal.loader.BundleLoader.findClassInternal(BundleLoader.java:512)
	at org.eclipse.osgi.internal.loader.BundleLoader.findClass(BundleLoader.java:423)
	at org.eclipse.osgi.internal.loader.BundleLoader.findClass(BundleLoader.java:415)
	at org.eclipse.osgi.internal.loader.ModuleClassLoader.loadClass(ModuleClassLoader.java:155)
	at java.base/java.lang.ClassLoader.loadClass(ClassLoader.java:527)
	... 38 more

[2023-08-29 21:10:16,375] ERROR {Events.Framework} - FrameworkEvent ERROR org.osgi.framework.BundleException: Could not resolve module: org.wso2.micro.integrator.observability [221]
  Unresolved requirement: Import-Package: org.wso2.carbon.inbound.endpoint.internal.http.api; version="4.2.0"

	at org.eclipse.osgi.container.Module.start(Module.java:457)
	at org.eclipse.osgi.container.ModuleContainer$ContainerStartLevel$1.run(ModuleContainer.java:1820)
	at org.eclipse.osgi.internal.framework.EquinoxContainerAdaptor$2$1.execute(EquinoxContainerAdaptor.java:150)
	at org.eclipse.osgi.container.ModuleContainer$ContainerStartLevel.incStartLevel(ModuleContainer.java:1813)
	at org.eclipse.osgi.container.ModuleContainer$ContainerStartLevel.incStartLevel(ModuleContainer.java:1770)
	at org.eclipse.osgi.container.ModuleContainer$ContainerStartLevel.doContainerStartLevel(ModuleContainer.java:1735)
	at org.eclipse.osgi.container.ModuleContainer$ContainerStartLevel.dispatchEvent(ModuleContainer.java:1661)
	at org.eclipse.osgi.container.ModuleContainer$ContainerStartLevel.dispatchEvent(ModuleContainer.java:1)
	at org.eclipse.osgi.framework.eventmgr.EventManager.dispatchEvent(EventManager.java:234)
	at org.eclipse.osgi.framework.eventmgr.EventManager$EventThread.run(EventManager.java:345)

[2023-08-29 23:05:31,859]  INFO {org.wso2.micro.integrator.core.internal.CoreServerInitializer} - Gracefully shutting down WSO2 Micro Integrator...
[2023-08-29 23:05:31,862]  INFO {org.wso2.micro.core.ServerManagement} - Starting to switch to maintenance mode...
[2023-08-29 23:05:31,863]  INFO {org.apache.synapse.transport.passthru.core.PassThroughListeningIOReactorManager} - Pausing  IO Reactor bind for port 8290
[2023-08-29 23:05:31,865]  INFO {org.apache.synapse.transport.passthru.core.PassThroughListeningIOReactorManager} - Shutting down IO Reactor bind for port 8290
[2023-08-29 23:05:31,872]  INFO {org.apache.synapse.transport.passthru.core.PassThroughListeningIOReactorManager} - HTTP-Listener I/O dispatcher Listener shutdown.
[2023-08-29 23:05:31,874]  INFO {org.apache.synapse.transport.passthru.core.PassThroughListeningIOReactorManager} - Pausing  IO Reactor bind for port 8253
[2023-08-29 23:05:31,876]  INFO {org.apache.synapse.transport.passthru.core.PassThroughListeningIOReactorManager} - Shutting down IO Reactor bind for port 8253
[2023-08-29 23:05:31,879]  INFO {org.apache.synapse.transport.passthru.core.PassThroughListeningIOReactorManager} - HTTPS-Listener I/O dispatcher Listener shutdown.
[2023-08-29 23:05:31,880]  INFO {org.wso2.micro.core.ServerManagement} - Stopped all transport listeners
[2023-08-29 23:05:31,880]  INFO {org.wso2.micro.core.ServerManagement} - Waiting for request service completion...
[2023-08-29 23:05:31,884]  INFO {org.wso2.micro.core.ServerManagement} - All requests have been served.
[2023-08-29 23:05:31,884]  INFO {org.wso2.micro.core.ServerManagement} - Waiting for deployment completion...
[2023-08-29 23:05:31,887]  INFO {org.wso2.micro.core.ServerManagement} - All deployment tasks have been completed.
[2023-08-29 23:05:31,888]  INFO {org.wso2.micro.core.ServerManagement} - Waiting for server task completion...
[2023-08-29 23:05:31,889]  INFO {org.wso2.micro.core.ServerManagement} - All server tasks have been completed.
[2023-08-29 23:05:31,908]  INFO {org.apache.synapse.deployers.interceptor.DeploymentInterceptor} - Removing Axis2 Service: __SynapseService
[2023-08-29 23:05:31,910]  INFO {org.apache.synapse.task.SynapseTaskManager} - Shutting down the task manager
